Analysis & Synthesis report for riscv
Thu Jun 04 20:21:29 2026
Quartus II 32-bit Version 13.0.1 Build 232 06/12/2013 Service Pack 1 SJ Web Edition


---------------------
; Table of Contents ;
---------------------
  1. Legal Notice
  2. Analysis & Synthesis Summary
  3. Analysis & Synthesis Settings
  4. Parallel Compilation
  5. Analysis & Synthesis Source Files Read
  6. Analysis & Synthesis Resource Usage Summary
  7. Analysis & Synthesis Resource Utilization by Entity
  8. State Machine - |riscv|memory_controller:mem|last_module
  9. State Machine - |riscv|memory_controller:mem|sram_interface32bit:sram32|state
 10. State Machine - |riscv|memory_controller:mem|flash_interface32bit:flash32|state
 11. User-Specified and Inferred Latches
 12. Registers Removed During Synthesis
 13. General Register Statistics
 14. Inverted Register Statistics
 15. Multiplexer Restructuring Statistics (Restructuring Performed)
 16. Parameter Settings for User Entity Instance: button_debounce:sram_command_trigger
 17. Parameter Settings for User Entity Instance: button_debounce:num_display_control
 18. Port Connectivity Checks: "memory_controller:mem|sram_interface32bit:sram32"
 19. Port Connectivity Checks: "memory_controller:mem|flash_interface32bit:flash32"
 20. Port Connectivity Checks: "memory_controller:mem"
 21. Elapsed Time Per Partition
 22. Analysis & Synthesis Messages
 23. Analysis & Synthesis Suppressed Messages



----------------
; Legal Notice ;
----------------
Copyright (C) 1991-2013 Altera Corporation
Your use of Altera Corporation's design tools, logic functions 
and other software and tools, and its AMPP partner logic 
functions, and any output files from any of the foregoing 
(including device programming or simulation files), and any 
associated documentation or information are expressly subject 
to the terms and conditions of the Altera Program License 
Subscription Agreement, Altera MegaCore Function License 
Agreement, or other applicable license agreement, including, 
without limitation, that your use is for the sole purpose of 
programming logic devices manufactured by Altera and sold by 
Altera or its authorized distributors.  Please refer to the 
applicable agreement for further details.



+--------------------------------------------------------------------------------------+
; Analysis & Synthesis Summary                                                         ;
+------------------------------------+-------------------------------------------------+
; Analysis & Synthesis Status        ; Successful - Thu Jun 04 20:21:29 2026           ;
; Quartus II 32-bit Version          ; 13.0.1 Build 232 06/12/2013 SP 1 SJ Web Edition ;
; Revision Name                      ; riscv                                           ;
; Top-level Entity Name              ; riscv                                           ;
; Family                             ; Cyclone II                                      ;
; Total logic elements               ; 299                                             ;
;     Total combinational functions  ; 291                                             ;
;     Dedicated logic registers      ; 169                                             ;
; Total registers                    ; 169                                             ;
; Total pins                         ; 133                                             ;
; Total virtual pins                 ; 0                                               ;
; Total memory bits                  ; 0                                               ;
; Embedded Multiplier 9-bit elements ; 0                                               ;
; Total PLLs                         ; 0                                               ;
+------------------------------------+-------------------------------------------------+


+----------------------------------------------------------------------------------------------------------------------+
; Analysis & Synthesis Settings                                                                                        ;
+----------------------------------------------------------------------------+--------------------+--------------------+
; Option                                                                     ; Setting            ; Default Value      ;
+----------------------------------------------------------------------------+--------------------+--------------------+
; Device                                                                     ; EP2C20F484C7       ;                    ;
; Top-level entity name                                                      ; riscv              ; riscv              ;
; Family name                                                                ; Cyclone II         ; Cyclone IV GX      ;
; Use smart compilation                                                      ; Off                ; Off                ;
; Enable parallel Assembler and TimeQuest Timing Analyzer during compilation ; On                 ; On                 ;
; Enable compact report table                                                ; Off                ; Off                ;
; Restructure Multiplexers                                                   ; Auto               ; Auto               ;
; Create Debugging Nodes for IP Cores                                        ; Off                ; Off                ;
; Preserve fewer node names                                                  ; On                 ; On                 ;
; Disable OpenCore Plus hardware evaluation                                  ; Off                ; Off                ;
; Verilog Version                                                            ; Verilog_2001       ; Verilog_2001       ;
; VHDL Version                                                               ; VHDL_1993          ; VHDL_1993          ;
; State Machine Processing                                                   ; Auto               ; Auto               ;
; Safe State Machine                                                         ; Off                ; Off                ;
; Extract Verilog State Machines                                             ; On                 ; On                 ;
; Extract VHDL State Machines                                                ; On                 ; On                 ;
; Ignore Verilog initial constructs                                          ; Off                ; Off                ;
; Iteration limit for constant Verilog loops                                 ; 5000               ; 5000               ;
; Iteration limit for non-constant Verilog loops                             ; 250                ; 250                ;
; Add Pass-Through Logic to Inferred RAMs                                    ; On                 ; On                 ;
; Infer RAMs from Raw Logic                                                  ; On                 ; On                 ;
; Parallel Synthesis                                                         ; On                 ; On                 ;
; DSP Block Balancing                                                        ; Auto               ; Auto               ;
; NOT Gate Push-Back                                                         ; On                 ; On                 ;
; Power-Up Don't Care                                                        ; On                 ; On                 ;
; Remove Redundant Logic Cells                                               ; Off                ; Off                ;
; Remove Duplicate Registers                                                 ; On                 ; On                 ;
; Ignore CARRY Buffers                                                       ; Off                ; Off                ;
; Ignore CASCADE Buffers                                                     ; Off                ; Off                ;
; Ignore GLOBAL Buffers                                                      ; Off                ; Off                ;
; Ignore ROW GLOBAL Buffers                                                  ; Off                ; Off                ;
; Ignore LCELL Buffers                                                       ; Off                ; Off                ;
; Ignore SOFT Buffers                                                        ; On                 ; On                 ;
; Limit AHDL Integers to 32 Bits                                             ; Off                ; Off                ;
; Optimization Technique                                                     ; Balanced           ; Balanced           ;
; Carry Chain Length                                                         ; 70                 ; 70                 ;
; Auto Carry Chains                                                          ; On                 ; On                 ;
; Auto Open-Drain Pins                                                       ; On                 ; On                 ;
; Perform WYSIWYG Primitive Resynthesis                                      ; Off                ; Off                ;
; Auto ROM Replacement                                                       ; On                 ; On                 ;
; Auto RAM Replacement                                                       ; On                 ; On                 ;
; Auto Shift Register Replacement                                            ; Auto               ; Auto               ;
; Allow Shift Register Merging across Hierarchies                            ; Auto               ; Auto               ;
; Auto Clock Enable Replacement                                              ; On                 ; On                 ;
; Strict RAM Replacement                                                     ; Off                ; Off                ;
; Allow Synchronous Control Signals                                          ; On                 ; On                 ;
; Force Use of Synchronous Clear Signals                                     ; Off                ; Off                ;
; Auto RAM to Logic Cell Conversion                                          ; Off                ; Off                ;
; Auto Resource Sharing                                                      ; Off                ; Off                ;
; Allow Any RAM Size For Recognition                                         ; Off                ; Off                ;
; Allow Any ROM Size For Recognition                                         ; Off                ; Off                ;
; Allow Any Shift Register Size For Recognition                              ; Off                ; Off                ;
; Use LogicLock Constraints during Resource Balancing                        ; On                 ; On                 ;
; Ignore translate_off and synthesis_off directives                          ; Off                ; Off                ;
; Timing-Driven Synthesis                                                    ; Off                ; Off                ;
; Report Parameter Settings                                                  ; On                 ; On                 ;
; Report Source Assignments                                                  ; On                 ; On                 ;
; Report Connectivity Checks                                                 ; On                 ; On                 ;
; Ignore Maximum Fan-Out Assignments                                         ; Off                ; Off                ;
; Synchronization Register Chain Length                                      ; 2                  ; 2                  ;
; PowerPlay Power Optimization                                               ; Normal compilation ; Normal compilation ;
; HDL message level                                                          ; Level2             ; Level2             ;
; Suppress Register Optimization Related Messages                            ; Off                ; Off                ;
; Number of Removed Registers Reported in Synthesis Report                   ; 5000               ; 5000               ;
; Number of Swept Nodes Reported in Synthesis Report                         ; 5000               ; 5000               ;
; Number of Inverted Registers Reported in Synthesis Report                  ; 100                ; 100                ;
; Clock MUX Protection                                                       ; On                 ; On                 ;
; Auto Gated Clock Conversion                                                ; Off                ; Off                ;
; Block Design Naming                                                        ; Auto               ; Auto               ;
; SDC constraint protection                                                  ; Off                ; Off                ;
; Synthesis Effort                                                           ; Auto               ; Auto               ;
; Shift Register Replacement - Allow Asynchronous Clear Signal               ; On                 ; On                 ;
; Pre-Mapping Resynthesis Optimization                                       ; Off                ; Off                ;
; Analysis & Synthesis Message Level                                         ; Medium             ; Medium             ;
; Disable Register Merging Across Hierarchies                                ; Auto               ; Auto               ;
; Resource Aware Inference For Block RAM                                     ; On                 ; On                 ;
; Synthesis Seed                                                             ; 1                  ; 1                  ;
+----------------------------------------------------------------------------+--------------------+--------------------+


Parallel compilation was disabled, but you have multiple processors available. Enable parallel compilation to reduce compilation time.
+-------------------------------------+
; Parallel Compilation                ;
+----------------------------+--------+
; Processors                 ; Number ;
+----------------------------+--------+
; Number detected on machine ; 24     ;
; Maximum allowed            ; 1      ;
+----------------------------+--------+


+-------------------------------------------------------------------------------------------------------------------------------------------+
; Analysis & Synthesis Source Files Read                                                                                                    ;
+----------------------------------+-----------------+------------------------+---------------------------------------------------+---------+
; File Name with User-Entered Path ; Used in Netlist ; File Type              ; File Name with Absolute Path                      ; Library ;
+----------------------------------+-----------------+------------------------+---------------------------------------------------+---------+
; memory.v                         ; yes             ; User Verilog HDL File  ; C:/Users/Seth Mueller/Documents/fpga/memory.v     ;         ;
; riscv.v                          ; yes             ; User Verilog HDL File  ; C:/Users/Seth Mueller/Documents/fpga/riscv.v      ;         ;
; interfaces.v                     ; yes             ; User Verilog HDL File  ; C:/Users/Seth Mueller/Documents/fpga/interfaces.v ;         ;
; utils.v                          ; yes             ; User Verilog HDL File  ; C:/Users/Seth Mueller/Documents/fpga/utils.v      ;         ;
+----------------------------------+-----------------+------------------------+---------------------------------------------------+---------+


+--------------------------------------------------------+
; Analysis & Synthesis Resource Usage Summary            ;
+---------------------------------------------+----------+
; Resource                                    ; Usage    ;
+---------------------------------------------+----------+
; Estimated Total logic elements              ; 299      ;
;                                             ;          ;
; Total combinational functions               ; 291      ;
; Logic element usage by number of LUT inputs ;          ;
;     -- 4 input functions                    ; 159      ;
;     -- 3 input functions                    ; 47       ;
;     -- <=2 input functions                  ; 85       ;
;                                             ;          ;
; Logic elements by mode                      ;          ;
;     -- normal mode                          ; 243      ;
;     -- arithmetic mode                      ; 48       ;
;                                             ;          ;
; Total registers                             ; 169      ;
;     -- Dedicated logic registers            ; 169      ;
;     -- I/O registers                        ; 0        ;
;                                             ;          ;
; I/O pins                                    ; 133      ;
; Embedded Multiplier 9-bit elements          ; 0        ;
; Maximum fan-out node                        ; CLOCK_50 ;
; Maximum fan-out                             ; 169      ;
; Total fan-out                               ; 1514     ;
; Average fan-out                             ; 2.55     ;
+---------------------------------------------+----------+


+----------------------------------------------------------------------------------------------------------------------------------------------------------------------------------------------------------------------------------+
; Analysis & Synthesis Resource Utilization by Entity                                                                                                                                                                              ;
+-------------------------------------------+-------------------+--------------+-------------+--------------+---------+-----------+------+--------------+-----------------------------------------------------------+--------------+
; Compilation Hierarchy Node                ; LC Combinationals ; LC Registers ; Memory Bits ; DSP Elements ; DSP 9x9 ; DSP 18x18 ; Pins ; Virtual Pins ; Full Hierarchy Name                                       ; Library Name ;
+-------------------------------------------+-------------------+--------------+-------------+--------------+---------+-----------+------+--------------+-----------------------------------------------------------+--------------+
; |riscv                                    ; 291 (0)           ; 169 (0)      ; 0           ; 0            ; 0       ; 0         ; 133  ; 0            ; |riscv                                                    ; work         ;
;    |button_debounce:num_display_control|  ; 28 (28)           ; 28 (28)      ; 0           ; 0            ; 0       ; 0         ; 0    ; 0            ; |riscv|button_debounce:num_display_control                ; work         ;
;    |button_debounce:sram_command_trigger| ; 29 (29)           ; 29 (29)      ; 0           ; 0            ; 0       ; 0         ; 0    ; 0            ; |riscv|button_debounce:sram_command_trigger               ; work         ;
;    |display_32bit_7seg:mydisp|            ; 60 (32)           ; 0 (0)        ; 0           ; 0            ; 0       ; 0         ; 0    ; 0            ; |riscv|display_32bit_7seg:mydisp                          ; work         ;
;       |hex_to_7seg:hex0conv|              ; 7 (7)             ; 0 (0)        ; 0           ; 0            ; 0       ; 0         ; 0    ; 0            ; |riscv|display_32bit_7seg:mydisp|hex_to_7seg:hex0conv     ; work         ;
;       |hex_to_7seg:hex1conv|              ; 7 (7)             ; 0 (0)        ; 0           ; 0            ; 0       ; 0         ; 0    ; 0            ; |riscv|display_32bit_7seg:mydisp|hex_to_7seg:hex1conv     ; work         ;
;       |hex_to_7seg:hex2conv|              ; 7 (7)             ; 0 (0)        ; 0           ; 0            ; 0       ; 0         ; 0    ; 0            ; |riscv|display_32bit_7seg:mydisp|hex_to_7seg:hex2conv     ; work         ;
;       |hex_to_7seg:hex3conv|              ; 7 (7)             ; 0 (0)        ; 0           ; 0            ; 0       ; 0         ; 0    ; 0            ; |riscv|display_32bit_7seg:mydisp|hex_to_7seg:hex3conv     ; work         ;
;    |memory_controller:mem|                ; 174 (4)           ; 112 (1)      ; 0           ; 0            ; 0       ; 0         ; 0    ; 0            ; |riscv|memory_controller:mem                              ; work         ;
;       |flash_interface32bit:flash32|      ; 61 (61)           ; 46 (46)      ; 0           ; 0            ; 0       ; 0         ; 0    ; 0            ; |riscv|memory_controller:mem|flash_interface32bit:flash32 ; work         ;
;       |sram_interface32bit:sram32|        ; 109 (109)         ; 65 (65)      ; 0           ; 0            ; 0       ; 0         ; 0    ; 0            ; |riscv|memory_controller:mem|sram_interface32bit:sram32   ; work         ;
+-------------------------------------------+-------------------+--------------+-------------+--------------+---------+-----------+------+--------------+-----------------------------------------------------------+--------------+
Note: For table entries with two numbers listed, the numbers in parentheses indicate the number of resources of the given type used by the specific entity alone. The numbers listed outside of parentheses indicate the total resources of the given type used by the specific entity and all of its sub-entities in the hierarchy.


Encoding Type:  One-Hot
+----------------------------------------------------------+
; State Machine - |riscv|memory_controller:mem|last_module ;
+-------------------+--------------------------------------+
; Name              ; last_module.SRAM                     ;
+-------------------+--------------------------------------+
; last_module.FLASH ; 0                                    ;
; last_module.SRAM  ; 1                                    ;
+-------------------+--------------------------------------+


Encoding Type:  One-Hot
+----------------------------------------------------------------------------------------------------------------------------------------------------------------------------------------------------------------------------------------------------------------------------------------------------------------------------------------------------+
; State Machine - |riscv|memory_controller:mem|sram_interface32bit:sram32|state                                                                                                                                                                                                                                                                      ;
+------------------------+------------------------+------------------------+------------------------+------------------------+------------------------+--------------+--------------+-----------------------+-----------------------+-----------------------+-----------------------+-----------------------+-------------+-------------+------------+
; Name                   ; state.WRITE_BYTE_UPPER ; state.WRITE_BYTE_LOWER ; state.UNALIGNED_WRITE3 ; state.UNALIGNED_WRITE2 ; state.UNALIGNED_WRITE1 ; state.WRITE2 ; state.WRITE1 ; state.READ_BYTE_UPPER ; state.READ_BYTE_LOWER ; state.UNALIGNED_READ3 ; state.UNALIGNED_READ2 ; state.UNALIGNED_READ1 ; state.READ2 ; state.READ1 ; state.IDLE ;
+------------------------+------------------------+------------------------+------------------------+------------------------+------------------------+--------------+--------------+-----------------------+-----------------------+-----------------------+-----------------------+-----------------------+-------------+-------------+------------+
; state.IDLE             ; 0                      ; 0                      ; 0                      ; 0                      ; 0                      ; 0            ; 0            ; 0                     ; 0                     ; 0                     ; 0                     ; 0                     ; 0           ; 0           ; 0          ;
; state.READ1            ; 0                      ; 0                      ; 0                      ; 0                      ; 0                      ; 0            ; 0            ; 0                     ; 0                     ; 0                     ; 0                     ; 0                     ; 0           ; 1           ; 1          ;
; state.READ2            ; 0                      ; 0                      ; 0                      ; 0                      ; 0                      ; 0            ; 0            ; 0                     ; 0                     ; 0                     ; 0                     ; 0                     ; 1           ; 0           ; 1          ;
; state.UNALIGNED_READ1  ; 0                      ; 0                      ; 0                      ; 0                      ; 0                      ; 0            ; 0            ; 0                     ; 0                     ; 0                     ; 0                     ; 1                     ; 0           ; 0           ; 1          ;
; state.UNALIGNED_READ2  ; 0                      ; 0                      ; 0                      ; 0                      ; 0                      ; 0            ; 0            ; 0                     ; 0                     ; 0                     ; 1                     ; 0                     ; 0           ; 0           ; 1          ;
; state.UNALIGNED_READ3  ; 0                      ; 0                      ; 0                      ; 0                      ; 0                      ; 0            ; 0            ; 0                     ; 0                     ; 1                     ; 0                     ; 0                     ; 0           ; 0           ; 1          ;
; state.READ_BYTE_LOWER  ; 0                      ; 0                      ; 0                      ; 0                      ; 0                      ; 0            ; 0            ; 0                     ; 1                     ; 0                     ; 0                     ; 0                     ; 0           ; 0           ; 1          ;
; state.READ_BYTE_UPPER  ; 0                      ; 0                      ; 0                      ; 0                      ; 0                      ; 0            ; 0            ; 1                     ; 0                     ; 0                     ; 0                     ; 0                     ; 0           ; 0           ; 1          ;
; state.WRITE1           ; 0                      ; 0                      ; 0                      ; 0                      ; 0                      ; 0            ; 1            ; 0                     ; 0                     ; 0                     ; 0                     ; 0                     ; 0           ; 0           ; 1          ;
; state.WRITE2           ; 0                      ; 0                      ; 0                      ; 0                      ; 0                      ; 1            ; 0            ; 0                     ; 0                     ; 0                     ; 0                     ; 0                     ; 0           ; 0           ; 1          ;
; state.UNALIGNED_WRITE1 ; 0                      ; 0                      ; 0                      ; 0                      ; 1                      ; 0            ; 0            ; 0                     ; 0                     ; 0                     ; 0                     ; 0                     ; 0           ; 0           ; 1          ;
; state.UNALIGNED_WRITE2 ; 0                      ; 0                      ; 0                      ; 1                      ; 0                      ; 0            ; 0            ; 0                     ; 0                     ; 0                     ; 0                     ; 0                     ; 0           ; 0           ; 1          ;
; state.UNALIGNED_WRITE3 ; 0                      ; 0                      ; 1                      ; 0                      ; 0                      ; 0            ; 0            ; 0                     ; 0                     ; 0                     ; 0                     ; 0                     ; 0           ; 0           ; 1          ;
; state.WRITE_BYTE_LOWER ; 0                      ; 1                      ; 0                      ; 0                      ; 0                      ; 0            ; 0            ; 0                     ; 0                     ; 0                     ; 0                     ; 0                     ; 0           ; 0           ; 1          ;
; state.WRITE_BYTE_UPPER ; 1                      ; 0                      ; 0                      ; 0                      ; 0                      ; 0            ; 0            ; 0                     ; 0                     ; 0                     ; 0                     ; 0                     ; 0           ; 0           ; 1          ;
+------------------------+------------------------+------------------------+------------------------+------------------------+------------------------+--------------+--------------+-----------------------+-----------------------+-----------------------+-----------------------+-----------------------+-------------+-------------+------------+


Encoding Type:  One-Hot
+--------------------------------------------------------------------------------------------------------+
; State Machine - |riscv|memory_controller:mem|flash_interface32bit:flash32|state                        ;
+-----------------+-------------+-------------+-------------+-------------+-----------------+------------+
; Name            ; state.READ4 ; state.READ3 ; state.READ2 ; state.READ1 ; state.READ_BYTE ; state.IDLE ;
+-----------------+-------------+-------------+-------------+-------------+-----------------+------------+
; state.IDLE      ; 0           ; 0           ; 0           ; 0           ; 0               ; 0          ;
; state.READ_BYTE ; 0           ; 0           ; 0           ; 0           ; 1               ; 1          ;
; state.READ1     ; 0           ; 0           ; 0           ; 1           ; 0               ; 1          ;
; state.READ2     ; 0           ; 0           ; 1           ; 0           ; 0               ; 1          ;
; state.READ3     ; 0           ; 1           ; 0           ; 0           ; 0               ; 1          ;
; state.READ4     ; 1           ; 0           ; 0           ; 0           ; 0               ; 1          ;
+-----------------+-------------+-------------+-------------+-------------+-----------------+------------+


+---------------------------------------------------------------------------------------------------+
; User-Specified and Inferred Latches                                                               ;
+----------------------------------------------------+---------------------+------------------------+
; Latch Name                                         ; Latch Enable Signal ; Free of Timing Hazards ;
+----------------------------------------------------+---------------------+------------------------+
; memory_controller:mem|finished                     ; VCC                 ; yes                    ;
; Number of user-specified and inferred latches = 1  ;                     ;                        ;
+----------------------------------------------------+---------------------+------------------------+
Note: All latches listed above may not be present at the end of synthesis due to various synthesis optimizations.


+-------------------------------------------------------------------------------------------------------------------------------------------------------------------------+
; Registers Removed During Synthesis                                                                                                                                      ;
+--------------------------------------------------------------------------------+----------------------------------------------------------------------------------------+
; Register name                                                                  ; Reason for Removal                                                                     ;
+--------------------------------------------------------------------------------+----------------------------------------------------------------------------------------+
; memory_controller:mem|sram_interface32bit:sram32|write_halfword[4..7,12..15]   ; Stuck at GND due to stuck port data_in                                                 ;
; memory_controller:mem|sram_interface32bit:sram32|writing                       ; Merged with memory_controller:mem|sram_interface32bit:sram32|interface_output_enable_n ;
; memory_controller:mem|sram_interface32bit:sram32|interface_addr[3..9,11..17]   ; Merged with memory_controller:mem|sram_interface32bit:sram32|interface_addr[10]        ;
; memory_controller:mem|flash_interface32bit:flash32|interface_addr[4..9,11..21] ; Merged with memory_controller:mem|flash_interface32bit:flash32|interface_addr[10]      ;
; button_debounce:num_display_control|internal_debounce                          ; Merged with button_debounce:num_display_control|debounced                              ;
; memory_controller:mem|sram_interface32bit:sram32|interface_addr[10]            ; Stuck at GND due to stuck port data_in                                                 ;
; memory_controller:mem|flash_interface32bit:flash32|interface_addr[10]          ; Stuck at GND due to stuck port data_in                                                 ;
; memory_controller:mem|sram_interface32bit:sram32|finished                      ; Merged with memory_controller:mem|sram_interface32bit:sram32|busy                      ;
; memory_controller:mem|last_module~5                                            ; Lost fanout                                                                            ;
; memory_controller:mem|sram_interface32bit:sram32|state~4                       ; Lost fanout                                                                            ;
; memory_controller:mem|sram_interface32bit:sram32|state~5                       ; Lost fanout                                                                            ;
; memory_controller:mem|sram_interface32bit:sram32|state~6                       ; Lost fanout                                                                            ;
; memory_controller:mem|sram_interface32bit:sram32|state~7                       ; Lost fanout                                                                            ;
; memory_controller:mem|flash_interface32bit:flash32|state~4                     ; Lost fanout                                                                            ;
; memory_controller:mem|flash_interface32bit:flash32|state~5                     ; Lost fanout                                                                            ;
; memory_controller:mem|flash_interface32bit:flash32|state~6                     ; Lost fanout                                                                            ;
; memory_controller:mem|flash_interface32bit:flash32|state.READ_BYTE             ; Stuck at GND due to stuck port data_in                                                 ;
; memory_controller:mem|sram_interface32bit:sram32|write_halfword[1]~en          ; Merged with memory_controller:mem|sram_interface32bit:sram32|write_halfword[0]~en      ;
; memory_controller:mem|sram_interface32bit:sram32|write_halfword[2]~en          ; Merged with memory_controller:mem|sram_interface32bit:sram32|write_halfword[0]~en      ;
; memory_controller:mem|sram_interface32bit:sram32|write_halfword[3]~en          ; Merged with memory_controller:mem|sram_interface32bit:sram32|write_halfword[0]~en      ;
; memory_controller:mem|sram_interface32bit:sram32|write_halfword[4]~en          ; Merged with memory_controller:mem|sram_interface32bit:sram32|write_halfword[0]~en      ;
; memory_controller:mem|sram_interface32bit:sram32|write_halfword[5]~en          ; Merged with memory_controller:mem|sram_interface32bit:sram32|write_halfword[0]~en      ;
; memory_controller:mem|sram_interface32bit:sram32|write_halfword[6]~en          ; Merged with memory_controller:mem|sram_interface32bit:sram32|write_halfword[0]~en      ;
; memory_controller:mem|sram_interface32bit:sram32|write_halfword[7]~en          ; Merged with memory_controller:mem|sram_interface32bit:sram32|write_halfword[0]~en      ;
; memory_controller:mem|sram_interface32bit:sram32|write_halfword[9]~en          ; Merged with memory_controller:mem|sram_interface32bit:sram32|write_halfword[8]~en      ;
; memory_controller:mem|sram_interface32bit:sram32|write_halfword[10]~en         ; Merged with memory_controller:mem|sram_interface32bit:sram32|write_halfword[8]~en      ;
; memory_controller:mem|sram_interface32bit:sram32|write_halfword[11]~en         ; Merged with memory_controller:mem|sram_interface32bit:sram32|write_halfword[8]~en      ;
; memory_controller:mem|sram_interface32bit:sram32|write_halfword[12]~en         ; Merged with memory_controller:mem|sram_interface32bit:sram32|write_halfword[8]~en      ;
; memory_controller:mem|sram_interface32bit:sram32|write_halfword[13]~en         ; Merged with memory_controller:mem|sram_interface32bit:sram32|write_halfword[8]~en      ;
; memory_controller:mem|sram_interface32bit:sram32|write_halfword[14]~en         ; Merged with memory_controller:mem|sram_interface32bit:sram32|write_halfword[8]~en      ;
; memory_controller:mem|sram_interface32bit:sram32|write_halfword[15]~en         ; Merged with memory_controller:mem|sram_interface32bit:sram32|write_halfword[8]~en      ;
; Total Number of Removed Registers = 67                                         ;                                                                                        ;
+--------------------------------------------------------------------------------+----------------------------------------------------------------------------------------+


+------------------------------------------------------+
; General Register Statistics                          ;
+----------------------------------------------+-------+
; Statistic                                    ; Value ;
+----------------------------------------------+-------+
; Total registers                              ; 169   ;
; Number of registers using Synchronous Clear  ; 50    ;
; Number of registers using Synchronous Load   ; 16    ;
; Number of registers using Asynchronous Clear ; 0     ;
; Number of registers using Asynchronous Load  ; 0     ;
; Number of registers using Clock Enable       ; 86    ;
; Number of registers using Preset             ; 0     ;
+----------------------------------------------+-------+


+---------------------------------------------------------------------------------+
; Inverted Register Statistics                                                    ;
+-----------------------------------------------------------------------+---------+
; Inverted Register                                                     ; Fan out ;
+-----------------------------------------------------------------------+---------+
; memory_controller:mem|sram_interface32bit:sram32|write_halfword[0]~en ; 1       ;
; memory_controller:mem|sram_interface32bit:sram32|write_halfword[8]~en ; 1       ;
; Total number of inverted registers = 2                                ;         ;
+-----------------------------------------------------------------------+---------+


+---------------------------------------------------------------------------------------------------------------------------------------------------------------------------------------------------+
; Multiplexer Restructuring Statistics (Restructuring Performed)                                                                                                                                    ;
+--------------------+-----------+---------------+----------------------+------------------------+------------+-------------------------------------------------------------------------------------+
; Multiplexer Inputs ; Bus Width ; Baseline Area ; Area if Restructured ; Saving if Restructured ; Registered ; Example Multiplexer Output                                                          ;
+--------------------+-----------+---------------+----------------------+------------------------+------------+-------------------------------------------------------------------------------------+
; 3:1                ; 2 bits    ; 4 LEs         ; 2 LEs                ; 2 LEs                  ; Yes        ; |riscv|memory_controller:mem|sram_interface32bit:sram32|finished                    ;
; 3:1                ; 8 bits    ; 16 LEs        ; 8 LEs                ; 8 LEs                  ; Yes        ; |riscv|memory_controller:mem|sram_interface32bit:sram32|data_out[28]                ;
; 3:1                ; 8 bits    ; 16 LEs        ; 8 LEs                ; 8 LEs                  ; Yes        ; |riscv|memory_controller:mem|sram_interface32bit:sram32|data_out[18]                ;
; 3:1                ; 8 bits    ; 16 LEs        ; 8 LEs                ; 8 LEs                  ; Yes        ; |riscv|memory_controller:mem|sram_interface32bit:sram32|data_out[14]                ;
; 3:1                ; 8 bits    ; 16 LEs        ; 8 LEs                ; 8 LEs                  ; Yes        ; |riscv|memory_controller:mem|sram_interface32bit:sram32|data_out[5]                 ;
; 5:1                ; 2 bits    ; 6 LEs         ; 4 LEs                ; 2 LEs                  ; Yes        ; |riscv|memory_controller:mem|flash_interface32bit:flash32|interface_addr[2]         ;
; 5:1                ; 4 bits    ; 12 LEs        ; 4 LEs                ; 8 LEs                  ; Yes        ; |riscv|memory_controller:mem|sram_interface32bit:sram32|write_halfword[8]           ;
; 5:1                ; 4 bits    ; 12 LEs        ; 4 LEs                ; 8 LEs                  ; Yes        ; |riscv|memory_controller:mem|sram_interface32bit:sram32|write_halfword[3]           ;
; 4:1                ; 16 bits   ; 32 LEs        ; 32 LEs               ; 0 LEs                  ; No         ; |riscv|display_32bit_7seg:mydisp|digit2[2]                                          ;
; 3:1                ; 3 bits    ; 6 LEs         ; 6 LEs                ; 0 LEs                  ; No         ; |riscv|memory_controller:mem|flash_interface32bit:flash32|next_state.READ4          ;
; 3:1                ; 7 bits    ; 14 LEs        ; 7 LEs                ; 7 LEs                  ; No         ; |riscv|memory_controller:mem|sram_interface32bit:sram32|next_state                  ;
; 3:1                ; 4 bits    ; 8 LEs         ; 4 LEs                ; 4 LEs                  ; No         ; |riscv|memory_controller:mem|flash_interface32bit:flash32|next_state                ;
; 3:1                ; 2 bits    ; 4 LEs         ; 2 LEs                ; 2 LEs                  ; No         ; |riscv|memory_controller:mem|sram_interface32bit:sram32|next_state                  ;
; 4:1                ; 4 bits    ; 8 LEs         ; 8 LEs                ; 0 LEs                  ; No         ; |riscv|memory_controller:mem|sram_interface32bit:sram32|next_state.UNALIGNED_READ1  ;
; 4:1                ; 4 bits    ; 8 LEs         ; 8 LEs                ; 0 LEs                  ; No         ; |riscv|memory_controller:mem|sram_interface32bit:sram32|next_state.UNALIGNED_WRITE1 ;
; 4:1                ; 2 bits    ; 4 LEs         ; 4 LEs                ; 0 LEs                  ; No         ; |riscv|memory_controller:mem|next_module                                            ;
; 5:1                ; 2 bits    ; 6 LEs         ; 4 LEs                ; 2 LEs                  ; No         ; |riscv|memory_controller:mem|flash_interface32bit:flash32|next_state.READ_BYTE      ;
+--------------------+-----------+---------------+----------------------+------------------------+------------+-------------------------------------------------------------------------------------+


+-----------------------------------------------------------------------------------+
; Parameter Settings for User Entity Instance: button_debounce:sram_command_trigger ;
+----------------------+-------+----------------------------------------------------+
; Parameter Name       ; Value ; Type                                               ;
+----------------------+-------+----------------------------------------------------+
; SINGLE_CYCLE_TRIGGER ; 1     ; Signed Integer                                     ;
+----------------------+-------+----------------------------------------------------+
Note: In order to hide this table in the UI and the text report file, please set the "Show Parameter Settings in Synthesis Report" option in "Analysis and Synthesis Settings -> More Settings" to "Off".


+----------------------------------------------------------------------------------+
; Parameter Settings for User Entity Instance: button_debounce:num_display_control ;
+----------------------+-------+---------------------------------------------------+
; Parameter Name       ; Value ; Type                                              ;
+----------------------+-------+---------------------------------------------------+
; SINGLE_CYCLE_TRIGGER ; 0     ; Signed Integer                                    ;
+----------------------+-------+---------------------------------------------------+
Note: In order to hide this table in the UI and the text report file, please set the "Show Parameter Settings in Synthesis Report" option in "Analysis and Synthesis Settings -> More Settings" to "Off".


+--------------------------------------------------------------------------------------------------------------------------------------------------+
; Port Connectivity Checks: "memory_controller:mem|sram_interface32bit:sram32"                                                                     ;
+-------------------+--------+----------+----------------------------------------------------------------------------------------------------------+
; Port              ; Type   ; Severity ; Details                                                                                                  ;
+-------------------+--------+----------+----------------------------------------------------------------------------------------------------------+
; TEST_EXPOSE_STATE ; Output ; Warning  ; Declared by entity but not connected by instance. Logic that only feeds a dangling port will be removed. ;
+-------------------+--------+----------+----------------------------------------------------------------------------------------------------------+


+--------------------------------------------------------------------------------------------------------------------+
; Port Connectivity Checks: "memory_controller:mem|flash_interface32bit:flash32"                                     ;
+----------+--------+----------+-------------------------------------------------------------------------------------+
; Port     ; Type   ; Severity ; Details                                                                             ;
+----------+--------+----------+-------------------------------------------------------------------------------------+
; finished ; Output ; Info     ; Connected to dangling logic. Logic that only feeds a dangling port will be removed. ;
+----------+--------+----------+-------------------------------------------------------------------------------------+


+---------------------------------------------------+
; Port Connectivity Checks: "memory_controller:mem" ;
+-----------------+-------+----------+--------------+
; Port            ; Type  ; Severity ; Details      ;
+-----------------+-------+----------+--------------+
; rst_n           ; Input ; Info     ; Stuck at VCC ;
; addr_in[31..29] ; Input ; Info     ; Stuck at GND ;
; addr_in[27..3]  ; Input ; Info     ; Stuck at GND ;
; data_in[31..4]  ; Input ; Info     ; Stuck at GND ;
+-----------------+-------+----------+--------------+


+-------------------------------+
; Elapsed Time Per Partition    ;
+----------------+--------------+
; Partition Name ; Elapsed Time ;
+----------------+--------------+
; Top            ; 00:00:00     ;
+----------------+--------------+


+-------------------------------+
; Analysis & Synthesis Messages ;
+-------------------------------+
Info: *******************************************************************
Info: Running Quartus II 32-bit Analysis & Synthesis
    Info: Version 13.0.1 Build 232 06/12/2013 Service Pack 1 SJ Web Edition
    Info: Processing started: Thu Jun 04 20:21:27 2026
Info: Command: quartus_map --read_settings_files=on --write_settings_files=off riscv -c riscv
Info (12021): Found 1 design units, including 1 entities, in source file memory.v
    Info (12023): Found entity 1: memory_controller
Info (12021): Found 1 design units, including 1 entities, in source file riscv.v
    Info (12023): Found entity 1: riscv
Info (12021): Found 2 design units, including 2 entities, in source file interfaces.v
    Info (12023): Found entity 1: flash_interface32bit
    Info (12023): Found entity 2: sram_interface32bit
Info (12021): Found 1 design units, including 1 entities, in source file testbenches.v
    Info (12023): Found entity 1: TB_button_debounce
Info (12021): Found 3 design units, including 3 entities, in source file utils.v
    Info (12023): Found entity 1: button_debounce
    Info (12023): Found entity 2: hex_to_7seg
    Info (12023): Found entity 3: display_32bit_7seg
Warning (10236): Verilog HDL Implicit Net warning at memory.v(66): created implicit net for "flash_data_ready"
Info (12127): Elaborating entity "riscv" for the top level hierarchy
Warning (10230): Verilog HDL assignment warning at riscv.v(49): truncated value with size 32 to match size of target (1)
Warning (10230): Verilog HDL assignment warning at riscv.v(50): truncated value with size 32 to match size of target (1)
Warning (10034): Output port "LEDR" at riscv.v(23) has no driver
Warning (10034): Output port "LEDG[5..0]" at riscv.v(24) has no driver
Info (12128): Elaborating entity "button_debounce" for hierarchy "button_debounce:sram_command_trigger"
Warning (10230): Verilog HDL assignment warning at utils.v(28): truncated value with size 32 to match size of target (25)
Info (12128): Elaborating entity "button_debounce" for hierarchy "button_debounce:num_display_control"
Warning (10230): Verilog HDL assignment warning at utils.v(28): truncated value with size 32 to match size of target (25)
Info (12128): Elaborating entity "display_32bit_7seg" for hierarchy "display_32bit_7seg:mydisp"
Info (12128): Elaborating entity "hex_to_7seg" for hierarchy "display_32bit_7seg:mydisp|hex_to_7seg:hex0conv"
Info (12128): Elaborating entity "memory_controller" for hierarchy "memory_controller:mem"
Warning (10858): Verilog HDL warning at memory.v(49): object flash_finished used but never assigned
Warning (10240): Verilog HDL Always Construct warning at memory.v(129): inferring latch(es) for variable "finished", which holds its previous value in one or more paths through the always construct
Warning (10240): Verilog HDL Always Construct warning at memory.v(129): inferring latch(es) for variable "data_out", which holds its previous value in one or more paths through the always construct
Warning (10240): Verilog HDL Always Construct warning at memory.v(129): inferring latch(es) for variable "busy", which holds its previous value in one or more paths through the always construct
Warning (10030): Net "flash_finished" at memory.v(49) has no driver or initial value, using a default initial value '0'
Info (10041): Inferred latch for "busy" at memory.v(139)
Info (10041): Inferred latch for "data_out[0]" at memory.v(139)
Info (10041): Inferred latch for "data_out[1]" at memory.v(139)
Info (10041): Inferred latch for "data_out[2]" at memory.v(139)
Info (10041): Inferred latch for "data_out[3]" at memory.v(139)
Info (10041): Inferred latch for "data_out[4]" at memory.v(139)
Info (10041): Inferred latch for "data_out[5]" at memory.v(139)
Info (10041): Inferred latch for "data_out[6]" at memory.v(139)
Info (10041): Inferred latch for "data_out[7]" at memory.v(139)
Info (10041): Inferred latch for "data_out[8]" at memory.v(139)
Info (10041): Inferred latch for "data_out[9]" at memory.v(139)
Info (10041): Inferred latch for "data_out[10]" at memory.v(139)
Info (10041): Inferred latch for "data_out[11]" at memory.v(139)
Info (10041): Inferred latch for "data_out[12]" at memory.v(139)
Info (10041): Inferred latch for "data_out[13]" at memory.v(139)
Info (10041): Inferred latch for "data_out[14]" at memory.v(139)
Info (10041): Inferred latch for "data_out[15]" at memory.v(139)
Info (10041): Inferred latch for "data_out[16]" at memory.v(139)
Info (10041): Inferred latch for "data_out[17]" at memory.v(139)
Info (10041): Inferred latch for "data_out[18]" at memory.v(139)
Info (10041): Inferred latch for "data_out[19]" at memory.v(139)
Info (10041): Inferred latch for "data_out[20]" at memory.v(139)
Info (10041): Inferred latch for "data_out[21]" at memory.v(139)
Info (10041): Inferred latch for "data_out[22]" at memory.v(139)
Info (10041): Inferred latch for "data_out[23]" at memory.v(139)
Info (10041): Inferred latch for "data_out[24]" at memory.v(139)
Info (10041): Inferred latch for "data_out[25]" at memory.v(139)
Info (10041): Inferred latch for "data_out[26]" at memory.v(139)
Info (10041): Inferred latch for "data_out[27]" at memory.v(139)
Info (10041): Inferred latch for "data_out[28]" at memory.v(139)
Info (10041): Inferred latch for "data_out[29]" at memory.v(139)
Info (10041): Inferred latch for "data_out[30]" at memory.v(139)
Info (10041): Inferred latch for "data_out[31]" at memory.v(139)
Info (10041): Inferred latch for "finished" at memory.v(139)
Info (12128): Elaborating entity "flash_interface32bit" for hierarchy "memory_controller:mem|flash_interface32bit:flash32"
Warning (10270): Verilog HDL Case Statement warning at interfaces.v(48): incomplete case statement has no default case item
Info (10264): Verilog HDL Case Statement information at interfaces.v(48): all case item expressions in this case statement are onehot
Warning (10230): Verilog HDL assignment warning at interfaces.v(88): truncated value with size 32 to match size of target (22)
Warning (10230): Verilog HDL assignment warning at interfaces.v(92): truncated value with size 32 to match size of target (22)
Warning (10230): Verilog HDL assignment warning at interfaces.v(96): truncated value with size 32 to match size of target (22)
Warning (10230): Verilog HDL assignment warning at interfaces.v(112): truncated value with size 32 to match size of target (4)
Info (12128): Elaborating entity "sram_interface32bit" for hierarchy "memory_controller:mem|sram_interface32bit:sram32"
Warning (10230): Verilog HDL assignment warning at interfaces.v(361): truncated value with size 32 to match size of target (18)
Warning (10230): Verilog HDL assignment warning at interfaces.v(369): truncated value with size 32 to match size of target (18)
Warning (10230): Verilog HDL assignment warning at interfaces.v(376): truncated value with size 32 to match size of target (18)
Warning (10230): Verilog HDL assignment warning at interfaces.v(393): truncated value with size 32 to match size of target (18)
Warning (10230): Verilog HDL assignment warning at interfaces.v(399): truncated value with size 32 to match size of target (18)
Warning (10230): Verilog HDL assignment warning at interfaces.v(405): truncated value with size 32 to match size of target (18)
Warning (14026): LATCH primitive "memory_controller:mem|data_out[31]" is permanently enabled
Warning (14026): LATCH primitive "memory_controller:mem|data_out[30]" is permanently enabled
Warning (14026): LATCH primitive "memory_controller:mem|data_out[29]" is permanently enabled
Warning (14026): LATCH primitive "memory_controller:mem|data_out[28]" is permanently enabled
Warning (14026): LATCH primitive "memory_controller:mem|data_out[27]" is permanently enabled
Warning (14026): LATCH primitive "memory_controller:mem|data_out[26]" is permanently enabled
Warning (14026): LATCH primitive "memory_controller:mem|data_out[25]" is permanently enabled
Warning (14026): LATCH primitive "memory_controller:mem|data_out[24]" is permanently enabled
Warning (14026): LATCH primitive "memory_controller:mem|data_out[23]" is permanently enabled
Warning (14026): LATCH primitive "memory_controller:mem|data_out[22]" is permanently enabled
Warning (14026): LATCH primitive "memory_controller:mem|data_out[21]" is permanently enabled
Warning (14026): LATCH primitive "memory_controller:mem|data_out[20]" is permanently enabled
Warning (14026): LATCH primitive "memory_controller:mem|data_out[19]" is permanently enabled
Warning (14026): LATCH primitive "memory_controller:mem|data_out[18]" is permanently enabled
Warning (14026): LATCH primitive "memory_controller:mem|data_out[17]" is permanently enabled
Warning (14026): LATCH primitive "memory_controller:mem|data_out[16]" is permanently enabled
Warning (14026): LATCH primitive "memory_controller:mem|data_out[15]" is permanently enabled
Warning (14026): LATCH primitive "memory_controller:mem|data_out[14]" is permanently enabled
Warning (14026): LATCH primitive "memory_controller:mem|data_out[13]" is permanently enabled
Warning (14026): LATCH primitive "memory_controller:mem|data_out[12]" is permanently enabled
Warning (14026): LATCH primitive "memory_controller:mem|data_out[11]" is permanently enabled
Warning (14026): LATCH primitive "memory_controller:mem|data_out[10]" is permanently enabled
Warning (14026): LATCH primitive "memory_controller:mem|data_out[9]" is permanently enabled
Warning (14026): LATCH primitive "memory_controller:mem|data_out[8]" is permanently enabled
Warning (14026): LATCH primitive "memory_controller:mem|data_out[7]" is permanently enabled
Warning (14026): LATCH primitive "memory_controller:mem|data_out[6]" is permanently enabled
Warning (14026): LATCH primitive "memory_controller:mem|data_out[5]" is permanently enabled
Warning (14026): LATCH primitive "memory_controller:mem|data_out[4]" is permanently enabled
Warning (14026): LATCH primitive "memory_controller:mem|data_out[3]" is permanently enabled
Warning (14026): LATCH primitive "memory_controller:mem|data_out[2]" is permanently enabled
Warning (14026): LATCH primitive "memory_controller:mem|data_out[1]" is permanently enabled
Warning (14026): LATCH primitive "memory_controller:mem|data_out[0]" is permanently enabled
Warning (14026): LATCH primitive "memory_controller:mem|busy" is permanently enabled
Warning (12241): 1 hierarchies have connectivity warnings - see the Connectivity Checks report folder
Warning (13024): Output pins are stuck at VCC or GND
    Warning (13410): Pin "FL_ADDR[4]" is stuck at GND
    Warning (13410): Pin "FL_ADDR[5]" is stuck at GND
    Warning (13410): Pin "FL_ADDR[6]" is stuck at GND
    Warning (13410): Pin "FL_ADDR[7]" is stuck at GND
    Warning (13410): Pin "FL_ADDR[8]" is stuck at GND
    Warning (13410): Pin "FL_ADDR[9]" is stuck at GND
    Warning (13410): Pin "FL_ADDR[10]" is stuck at GND
    Warning (13410): Pin "FL_ADDR[11]" is stuck at GND
    Warning (13410): Pin "FL_ADDR[12]" is stuck at GND
    Warning (13410): Pin "FL_ADDR[13]" is stuck at GND
    Warning (13410): Pin "FL_ADDR[14]" is stuck at GND
    Warning (13410): Pin "FL_ADDR[15]" is stuck at GND
    Warning (13410): Pin "FL_ADDR[16]" is stuck at GND
    Warning (13410): Pin "FL_ADDR[17]" is stuck at GND
    Warning (13410): Pin "FL_ADDR[18]" is stuck at GND
    Warning (13410): Pin "FL_ADDR[19]" is stuck at GND
    Warning (13410): Pin "FL_ADDR[20]" is stuck at GND
    Warning (13410): Pin "FL_ADDR[21]" is stuck at GND
    Warning (13410): Pin "FL_OE_N" is stuck at GND
    Warning (13410): Pin "FL_RST_N" is stuck at VCC
    Warning (13410): Pin "FL_WE_N" is stuck at VCC
    Warning (13410): Pin "SRAM_ADDR[3]" is stuck at GND
    Warning (13410): Pin "SRAM_ADDR[4]" is stuck at GND
    Warning (13410): Pin "SRAM_ADDR[5]" is stuck at GND
    Warning (13410): Pin "SRAM_ADDR[6]" is stuck at GND
    Warning (13410): Pin "SRAM_ADDR[7]" is stuck at GND
    Warning (13410): Pin "SRAM_ADDR[8]" is stuck at GND
    Warning (13410): Pin "SRAM_ADDR[9]" is stuck at GND
    Warning (13410): Pin "SRAM_ADDR[10]" is stuck at GND
    Warning (13410): Pin "SRAM_ADDR[11]" is stuck at GND
    Warning (13410): Pin "SRAM_ADDR[12]" is stuck at GND
    Warning (13410): Pin "SRAM_ADDR[13]" is stuck at GND
    Warning (13410): Pin "SRAM_ADDR[14]" is stuck at GND
    Warning (13410): Pin "SRAM_ADDR[15]" is stuck at GND
    Warning (13410): Pin "SRAM_ADDR[16]" is stuck at GND
    Warning (13410): Pin "SRAM_ADDR[17]" is stuck at GND
    Warning (13410): Pin "SRAM_CE_N" is stuck at GND
    Warning (13410): Pin "LEDR[0]" is stuck at GND
    Warning (13410): Pin "LEDR[1]" is stuck at GND
    Warning (13410): Pin "LEDR[2]" is stuck at GND
    Warning (13410): Pin "LEDR[3]" is stuck at GND
    Warning (13410): Pin "LEDR[4]" is stuck at GND
    Warning (13410): Pin "LEDR[5]" is stuck at GND
    Warning (13410): Pin "LEDR[6]" is stuck at GND
    Warning (13410): Pin "LEDR[7]" is stuck at GND
    Warning (13410): Pin "LEDR[8]" is stuck at GND
    Warning (13410): Pin "LEDR[9]" is stuck at GND
    Warning (13410): Pin "LEDG[0]" is stuck at GND
    Warning (13410): Pin "LEDG[1]" is stuck at GND
    Warning (13410): Pin "LEDG[2]" is stuck at GND
    Warning (13410): Pin "LEDG[3]" is stuck at GND
    Warning (13410): Pin "LEDG[4]" is stuck at GND
    Warning (13410): Pin "LEDG[5]" is stuck at GND
Info (17049): 8 registers lost all their fanouts during netlist optimizations.
Info (144001): Generated suppressed messages file C:/Users/Seth Mueller/Documents/fpga/output_files/riscv.map.smsg
Info (16010): Generating hard_block partition "hard_block:auto_generated_inst"
    Info (16011): Adding 0 node(s), including 0 DDIO, 0 PLL, 0 transceiver and 0 LCELL
Warning (21074): Design contains 2 input pin(s) that do not drive logic
    Warning (15610): No output dependent on input pin "KEY[2]"
    Warning (15610): No output dependent on input pin "KEY[3]"
Info (21057): Implemented 441 device resources after synthesis - the final resource count might be different
    Info (21058): Implemented 23 input pins
    Info (21059): Implemented 94 output pins
    Info (21060): Implemented 16 bidirectional pins
    Info (21061): Implemented 308 logic cells
Info: Quartus II 32-bit Analysis & Synthesis was successful. 0 errors, 114 warnings
    Info: Peak virtual memory: 369 megabytes
    Info: Processing ended: Thu Jun 04 20:21:29 2026
    Info: Elapsed time: 00:00:02
    Info: Total CPU time (on all processors): 00:00:02


+------------------------------------------+
; Analysis & Synthesis Suppressed Messages ;
+------------------------------------------+
The suppressed messages can be found in C:/Users/Seth Mueller/Documents/fpga/output_files/riscv.map.smsg.


